<?xml version="1.0" encoding="UTF-8"?>
<testng-results ignored="0" total="0" passed="0" failed="0" skipped="0">
  <reporter-output>
  </reporter-output>
  <suite started-at="2026-06-22T23:26:35 EDT" name="MobileTestSuite" finished-at="2026-06-22T23:26:35 EDT" duration-ms="2">
    <groups>
    </groups>
    <test started-at="2026-06-22T23:26:35 EDT" name="AddToCartTest" finished-at="2026-06-22T23:26:35 EDT" duration-ms="2">
    </test> <!-- AddToCartTest -->
  </suite> <!-- MobileTestSuite -->
</testng-results>
